<?xml version="1.0" encoding="UTF-8"?>
<!-- Generated by org.testng.reporters.JUnitReportReporter -->
<testsuite hostname="CPU-0060" failures="0" tests="1" name="rough_imastar.rough_class" time="20.958" errors="0" timestamp="2021-04-09T14:23:09 IST" skipped="0">
  <testcase classname="rough_imastar.rough_class" name="initialization" time="20.958"/>
  <system-out/>
</testsuite> <!-- rough_imastar.rough_class -->
