<?xml version="1.0" encoding="UTF-8"?>
<!-- Generated by org.testng.reporters.JUnitReportReporter -->
<testsuite hostname="CPU-0060" failures="0" tests="1" name="imastar.iamstar_automation.homepage_test" time="26.874" errors="0" timestamp="2021-03-24T16:13:47 IST" skipped="0">
  <testcase classname="imastar.iamstar_automation.homepage_test" name="home_page" time="26.874"/>
  <system-out/>
</testsuite> <!-- imastar.iamstar_automation.homepage_test -->
